<?xml version="1.0" encoding="UTF-8" ?>
<testsuite tests="16" failures="0" name="SkladTest" time="0.026" errors="0" skipped="0">
  <properties>
[...]
</properties>
  <testcase classname="SkladTest" name="SkladTest.testSize" time="0.002"/>
  <testcase classname="SkladTest" name="SkladTest.testIsEmptyOnEmpty" time="0"/>
  <testcase classname="SkladTest" name="SkladTest.testIsEmptyOnFull" time="0"/>
  <testcase classname="SkladTest" name="SkladTest.testPush" time="0"/>
  <testcase classname="SkladTest" name="SkladTest.testPop" time="0"/>
  <testcase classname="SkladTest" name="SkladTest.testTop" time="0"/>
  <testcase classname="SkladTest" name="SkladTest.testSizeWithTwoElements" time="0"/>
  <testcase classname="SkladTest" name="SkladTest.testSizeWithTenElements" time="0.017"/>
  <testcase classname="SkladTest" name="SkladTest.testTopOnEmptyStack" time="0.001"/>
  <testcase classname="SkladTest" name="SkladTest.testTopImmutability" time="0"/>
  <testcase classname="SkladTest" name="SkladTest.testSizeOnEmptyStack" time="0"/>
  <testcase classname="SkladTest" name="SkladTest.testSizeImmutability" time="0"/>
  <testcase classname="SkladTest" name="SkladTest.testTopWithTwoElements" time="0"/>
  <testcase classname="SkladTest" name="SkladTest.testWithTwoElements" time="0"/>
  <testcase classname="SkladTest" name="SkladTest.testPopOnEmptyStack" time="0.001"/>
  <testcase classname="SkladTest" name="SkladTest.testTopWithTenElements" time="0.005"/>
</testsuite>